<?xml version="1.0" encoding="UTF-8"?>
<testng-results ignored="0" total="6" passed="6" failed="0" skipped="0">
  <reporter-output>
  </reporter-output>
  <suite started-at="2024-01-19T14:45:00 IST" name="Normal Flow" finished-at="2024-01-19T14:46:30 IST" duration-ms="89436">
    <groups>
    </groups>
    <test started-at="2024-01-19T14:45:00 IST" name="Normal Flow" finished-at="2024-01-19T14:46:30 IST" duration-ms="89436">
      <class name="com.traval.qa.test.SearchHotelTest">
        <test-method is-config="true" signature="setup()[pri:0, instance:com.traval.qa.test.SearchHotelTest@221a3fa4]" started-at="2024-01-19T14:45:00 IST" name="setup" finished-at="2024-01-19T14:45:23 IST" duration-ms="22449" status="PASS">
          <reporter-output>
          </reporter-output>
        </test-method> <!-- setup -->
        <test-method signature="Validate_HomePage_Title()[pri:1, instance:com.traval.qa.test.SearchHotelTest@221a3fa4]" started-at="2024-01-19T14:45:23 IST" name="Validate_HomePage_Title" finished-at="2024-01-19T14:45:24 IST" duration-ms="1530" status="PASS">
          <reporter-output>
          </reporter-output>
        </test-method> <!-- Validate_HomePage_Title -->
        <test-method signature="ValidataBy_AddingRequirment_InHomePage()[pri:2, instance:com.traval.qa.test.SearchHotelTest@221a3fa4]" started-at="2024-01-19T14:45:24 IST" name="ValidataBy_AddingRequirment_InHomePage" finished-at="2024-01-19T14:45:39 IST" duration-ms="14567" status="PASS">
          <reporter-output>
          </reporter-output>
        </test-method> <!-- ValidataBy_AddingRequirment_InHomePage -->
        <test-method signature="Validateby_Requirments_Matchingin_ListingPage_FromHomePage()[pri:3, instance:com.traval.qa.test.SearchHotelTest@221a3fa4]" started-at="2024-01-19T14:45:39 IST" name="Validateby_Requirments_Matchingin_ListingPage_FromHomePage" finished-at="2024-01-19T14:46:18 IST" duration-ms="39125" status="PASS">
          <reporter-output>
          </reporter-output>
        </test-method> <!-- Validateby_Requirments_Matchingin_ListingPage_FromHomePage -->
        <test-method signature="Validate_Hotelpage_bycheckingrequirment_FromHomePage()[pri:5, instance:com.traval.qa.test.SearchHotelTest@221a3fa4]" started-at="2024-01-19T14:46:18 IST" name="Validate_Hotelpage_bycheckingrequirment_FromHomePage" finished-at="2024-01-19T14:46:23 IST" duration-ms="4766" status="PASS">
          <reporter-output>
          </reporter-output>
        </test-method> <!-- Validate_Hotelpage_bycheckingrequirment_FromHomePage -->
        <test-method signature="Validate_CheckoutPagerequirment_From_HomePage()[pri:11, instance:com.traval.qa.test.SearchHotelTest@221a3fa4]" started-at="2024-01-19T14:46:23 IST" name="Validate_CheckoutPagerequirment_From_HomePage" finished-at="2024-01-19T14:46:26 IST" duration-ms="3577" status="PASS">
          <reporter-output>
          </reporter-output>
        </test-method> <!-- Validate_CheckoutPagerequirment_From_HomePage -->
        <test-method signature="SucessFul_MassageConfirmation()[pri:14, instance:com.traval.qa.test.SearchHotelTest@221a3fa4]" started-at="2024-01-19T14:46:26 IST" name="SucessFul_MassageConfirmation" finished-at="2024-01-19T14:46:28 IST" duration-ms="1345" status="PASS">
          <reporter-output>
          </reporter-output>
        </test-method> <!-- SucessFul_MassageConfirmation -->
        <test-method is-config="true" signature="CloseBrowser()[pri:0, instance:com.traval.qa.test.SearchHotelTest@221a3fa4]" started-at="2024-01-19T14:46:28 IST" name="CloseBrowser" finished-at="2024-01-19T14:46:30 IST" duration-ms="1950" status="PASS">
          <reporter-output>
          </reporter-output>
        </test-method> <!-- CloseBrowser -->
      </class> <!-- com.traval.qa.test.SearchHotelTest -->
    </test> <!-- Normal Flow -->
  </suite> <!-- Normal Flow -->
</testng-results>
