<?xml version="1.0" encoding="UTF-8"?>
<!-- Generated by org.testng.reporters.JUnitXMLReporter -->
<testsuite ignored="8" hostname="DESKTOP-JRAVQ96" failures="0" tests="6" name="Normal Flow" time="89.436" errors="0" timestamp="2024-01-19T14:46:30 IST">
  <testcase classname="com.traval.qa.test.SearchHotelTest" name="Validate_HomePage_Title" time="1.53"/>
  <testcase classname="com.traval.qa.test.SearchHotelTest" name="ValidataBy_AddingRequirment_InHomePage" time="14.567"/>
  <testcase classname="com.traval.qa.test.SearchHotelTest" name="Validateby_Requirments_Matchingin_ListingPage_FromHomePage" time="39.125"/>
  <testcase classname="com.traval.qa.test.SearchHotelTest" name="Validate_Hotelpage_bycheckingrequirment_FromHomePage" time="4.766"/>
  <testcase classname="com.traval.qa.test.SearchHotelTest" name="Validate_CheckoutPagerequirment_From_HomePage" time="3.577"/>
  <testcase classname="com.traval.qa.test.SearchHotelTest" name="SucessFul_MassageConfirmation" time="1.345"/>
  <testcase classname="com.traval.qa.test.SearchHotelTest" name="Validate_CheckoutPagerequirment_From_EditedLisngPage" time="0.0">
    <ignored/>
  </testcase> <!-- Validate_CheckoutPagerequirment_From_EditedLisngPage -->
  <testcase classname="com.traval.qa.test.SearchHotelTest" name="Edit_the_HotelPage_Details_byMatchingDetails_withListingPage" time="0.0">
    <ignored/>
  </testcase> <!-- Edit_the_HotelPage_Details_byMatchingDetails_withListingPage -->
  <testcase classname="com.traval.qa.test.SearchHotelTest" name="Edit_the_Hotel_Details_ByMatchingDetails_with_EditedListingPage" time="0.0">
    <ignored/>
  </testcase> <!-- Edit_the_Hotel_Details_ByMatchingDetails_with_EditedListingPage -->
  <testcase classname="com.traval.qa.test.SearchHotelTest" name="Edit_the_HotelPage_Details_byMatchingDetails_withHomePage" time="0.0">
    <ignored/>
  </testcase> <!-- Edit_the_HotelPage_Details_byMatchingDetails_withHomePage -->
  <testcase classname="com.traval.qa.test.SearchHotelTest" name="Validate_Hotelpageby_checkingrequirment_From_EditedListingPage" time="0.0">
    <ignored/>
  </testcase> <!-- Validate_Hotelpageby_checkingrequirment_From_EditedListingPage -->
  <testcase classname="com.traval.qa.test.SearchHotelTest" name="Edit_Requirments_InListingPage" time="0.0">
    <ignored/>
  </testcase> <!-- Edit_Requirments_InListingPage -->
  <testcase classname="com.traval.qa.test.SearchHotelTest" name="Validate_CheckoutPagerequirment_From_EditedHotelPage" time="0.0">
    <ignored/>
  </testcase> <!-- Validate_CheckoutPagerequirment_From_EditedHotelPage -->
  <testcase classname="com.traval.qa.test.SearchHotelTest" name="Validate_Hotelpage_bycheckingrequirment_FromListingPage" time="0.0">
    <ignored/>
  </testcase> <!-- Validate_Hotelpage_bycheckingrequirment_FromListingPage -->
</testsuite> <!-- Normal Flow -->
